<?xml version="1.0" encoding="UTF-8"?>
<!-- Generated by org.testng.reporters.JUnitXMLReporter -->
<testsuite ignored="6" hostname="DESKTOP-UTFMV6L" failures="0" tests="7" name="Test" time="19.696" errors="0" timestamp="2021-11-09T02:33:37 IST">
  <testcase classname="shoppersStopTestCase.invoiceReport" name="@BeforeTest setUp" time="10.157">
    <failure type="org.openqa.selenium.NoSuchElementException" message="no such element: Unable to locate element: {&amp;quot;method&amp;quot;:&amp;quot;xpath&amp;quot;,&amp;quot;selector&amp;quot;:&amp;quot;//input[@name=&amp;quot;EmployeeID&amp;quot;]&amp;quot;}
  (Session info: chrome=95.0.4638.69)
For documentation on this error, please visit: https://www.seleniumhq.org/exceptions/no_such_element.html
Build info: version: &amp;apos;3.141.59&amp;apos;, revision: &amp;apos;e82be7d358&amp;apos;, time: &amp;apos;2018-11-14T08:17:03&amp;apos;
System info: host: &amp;apos;DESKTOP-UTFMV6L&amp;apos;, ip: &amp;apos;192.168.215.251&amp;apos;, os.name: &amp;apos;Windows 10&amp;apos;, os.arch: &amp;apos;amd64&amp;apos;, os.version: &amp;apos;10.0&amp;apos;, java.version: &amp;apos;16.0.2&amp;apos;
Driver info: org.openqa.selenium.chrome.ChromeDriver
Capabilities {acceptInsecureCerts: false, browserName: chrome, browserVersion: 95.0.4638.69, chrome: {chromedriverVersion: 95.0.4638.54 (d31a821ec901f..., userDataDir: C:\Users\Cravrr\AppData\Loc...}, goog:chromeOptions: {debuggerAddress: localhost:56431}, javascriptEnabled: true, networkConnectionEnabled: false, pageLoadStrategy: normal, platform: WINDOWS, platformName: WINDOWS, proxy: Proxy(), setWindowRect: true, strictFileInteractability: false, timeouts: {implicit: 0, pageLoad: 300000, script: 30000}, unhandledPromptBehavior: dismiss and notify, webauthn:extension:credBlob: true, webauthn:extension:largeBlob: true, webauthn:virtualAuthenticators: true}
Session ID: 703bee7b819dbdded881de3f63707739
*** Element info: {Using=xpath, value=//input[@name=&amp;quot;EmployeeID&amp;quot;]}">
      <![CDATA[org.openqa.selenium.NoSuchElementException: no such element: Unable to locate element: {"method":"xpath","selector":"//input[@name="EmployeeID"]"}
  (Session info: chrome=95.0.4638.69)
For documentation on this error, please visit: https://www.seleniumhq.org/exceptions/no_such_element.html
Build info: version: '3.141.59', revision: 'e82be7d358', time: '2018-11-14T08:17:03'
System info: host: 'DESKTOP-UTFMV6L', ip: '192.168.215.251', os.name: 'Windows 10', os.arch: 'amd64', os.version: '10.0', java.version: '16.0.2'
Driver info: org.openqa.selenium.chrome.ChromeDriver
Capabilities {acceptInsecureCerts: false, browserName: chrome, browserVersion: 95.0.4638.69, chrome: {chromedriverVersion: 95.0.4638.54 (d31a821ec901f..., userDataDir: C:\Users\Cravrr\AppData\Loc...}, goog:chromeOptions: {debuggerAddress: localhost:56431}, javascriptEnabled: true, networkConnectionEnabled: false, pageLoadStrategy: normal, platform: WINDOWS, platformName: WINDOWS, proxy: Proxy(), setWindowRect: true, strictFileInteractability: false, timeouts: {implicit: 0, pageLoad: 300000, script: 30000}, unhandledPromptBehavior: dismiss and notify, webauthn:extension:credBlob: true, webauthn:extension:largeBlob: true, webauthn:virtualAuthenticators: true}
Session ID: 703bee7b819dbdded881de3f63707739
*** Element info: {Using=xpath, value=//input[@name="EmployeeID"]}
at org.openqa.selenium.remote.http.W3CHttpResponseCodec.createException(W3CHttpResponseCodec.java:187)
at org.openqa.selenium.remote.http.W3CHttpResponseCodec.decode(W3CHttpResponseCodec.java:122)
at org.openqa.selenium.remote.http.W3CHttpResponseCodec.decode(W3CHttpResponseCodec.java:49)
at org.openqa.selenium.remote.HttpCommandExecutor.execute(HttpCommandExecutor.java:158)
at org.openqa.selenium.remote.service.DriverCommandExecutor.execute(DriverCommandExecutor.java:83)
at org.openqa.selenium.remote.RemoteWebDriver.execute(RemoteWebDriver.java:552)
at org.openqa.selenium.remote.RemoteWebDriver.findElement(RemoteWebDriver.java:323)
at org.openqa.selenium.remote.RemoteWebDriver.findElementByXPath(RemoteWebDriver.java:428)
at org.openqa.selenium.By$ByXPath.findElement(By.java:353)
at org.openqa.selenium.remote.RemoteWebDriver.findElement(RemoteWebDriver.java:315)
at org.openqa.selenium.support.pagefactory.DefaultElementLocator.findElement(DefaultElementLocator.java:69)
at org.openqa.selenium.support.pagefactory.internal.LocatingElementHandler.invoke(LocatingElementHandler.java:38)
at jdk.proxy2/jdk.proxy2.$Proxy13.sendKeys(Unknown Source)
at shoppersStopPages.loginPage.enterEmloyeeID(loginPage.java:35)
at shoppersStopTestCase.invoiceReport.setUp(invoiceReport.java:21)
... Removed 29 stack frames]]>
    </failure>
  </testcase> <!-- @BeforeTest setUp -->
  <testcase classname="shoppersStopTestCase.invoiceReport" name="validateSearchInInvoiceReort" time="0.0">
    <skipped/>
  </testcase> <!-- validateSearchInInvoiceReort -->
  <testcase classname="shoppersStopTestCase.invoiceReport" name="validateGrossSale" time="0.0">
    <skipped/>
  </testcase> <!-- validateGrossSale -->
  <testcase classname="shoppersStopTestCase.invoiceReport" name="validateTotalTax" time="0.0">
    <skipped/>
  </testcase> <!-- validateTotalTax -->
  <testcase classname="shoppersStopTestCase.invoiceReport" name="validateTotalDiscount" time="0.0">
    <skipped/>
  </testcase> <!-- validateTotalDiscount -->
  <testcase classname="shoppersStopTestCase.invoiceReport" name="validateTotalNetSale" time="0.0">
    <skipped/>
  </testcase> <!-- validateTotalNetSale -->
  <testcase classname="shoppersStopTestCase.invoiceReport" name="validateTotalCheckCount" time="0.0">
    <skipped/>
  </testcase> <!-- validateTotalCheckCount -->
  <testcase classname="shoppersStopTestCase.dailySalesReport" name="validateDailySalesReport" time="0.0">
    <skipped/>
  </testcase> <!-- validateDailySalesReport -->
  <testcase classname="shoppersStopBase.TestBase" name="@AfterSuite tearDown" time="0.0">
    <ignored/>
  </testcase> <!-- @AfterSuite tearDown -->
  <testcase classname="shoppersStopBase.TestBase" name="@AfterSuite tearDown" time="0.0">
    <ignored/>
  </testcase> <!-- @AfterSuite tearDown -->
  <testcase classname="shoppersStopTestCase.dailySalesReport" name="validateDownloadDailySalesReport" time="0.0">
    <ignored/>
  </testcase> <!-- validateDownloadDailySalesReport -->
  <testcase classname="shoppersStopBase.TestBase" name="@BeforeSuite initialize" time="0.0">
    <ignored/>
  </testcase> <!-- @BeforeSuite initialize -->
  <testcase classname="shoppersStopBase.TestBase" name="@BeforeSuite initialize" time="0.0">
    <ignored/>
  </testcase> <!-- @BeforeSuite initialize -->
  <testcase classname="shoppersStopTestCase.dailySalesReport" name="validateRefundSalesales" time="0.0">
    <ignored/>
  </testcase> <!-- validateRefundSalesales -->
</testsuite> <!-- Test -->
